<?xml version="1.0" encoding="UTF-8"?>
<!-- Generated by org.testng.reporters.JUnitReportReporter -->
<testsuite hostname="rupalis-mbp-2.lan" name="com.NAQTS.tescoApp.pom.testcases.LoginTest" tests="1" failures="0" timestamp="9 Apr 2019 19:10:47 GMT" time="32.307" errors="0">
  <testcase name="LoginTest" time="32.307" classname="com.NAQTS.tescoApp.pom.testcases.LoginTest"/>
</testsuite> <!-- com.NAQTS.tescoApp.pom.testcases.LoginTest -->
