<?xml version="1.0" encoding="UTF-8"?>
<!-- Generated by org.testng.reporters.JUnitReportReporter -->
<testsuite hostname="rupalis-mbp-2.lan" name="com.NAQTS.tescoApp.pom.testcases.LoginTest" tests="1" failures="0" timestamp="9 Apr 2019 16:35:44 GMT" time="38.475" errors="0">
  <testcase name="LoginTest" time="38.475" classname="com.NAQTS.tescoApp.pom.testcases.LoginTest"/>
</testsuite> <!-- com.NAQTS.tescoApp.pom.testcases.LoginTest -->
